{"timestamp":"2025-10-26 03:31:32.831","level":"info","message":"Configuring global middleware","module":"core","action":"configure_middleware"}
{"timestamp":"2025-10-26 03:31:32.838","level":"info","message":"Global middleware configuration completed","module":"core","action":"middleware_configured"}
{"timestamp":"2025-10-26 03:31:32.839","level":"info","message":"Configuring production error handling","module":"core","action":"configure_error_handling"}
{"timestamp":"2025-10-26 03:31:54.176","level":"info","message":"Configuring global middleware","module":"core","action":"configure_middleware"}
{"timestamp":"2025-10-26 03:31:54.181","level":"info","message":"Global middleware configuration completed","module":"core","action":"middleware_configured"}
{"timestamp":"2025-10-26 03:31:54.181","level":"info","message":"Configuring production error handling","module":"core","action":"configure_error_handling"}
{"timestamp":"2025-10-26 03:33:17.208","level":"info","message":"Configuring global middleware","module":"core","action":"configure_middleware"}
{"timestamp":"2025-10-26 03:33:17.213","level":"info","message":"Global middleware configuration completed","module":"core","action":"middleware_configured"}
{"timestamp":"2025-10-26 03:33:17.214","level":"info","message":"Configuring production error handling","module":"core","action":"configure_error_handling"}
{"timestamp":"2025-10-26 03:33:30.190","level":"info","message":"Creating Express application","module":"core","action":"create_app","metadata":{"environment":"development"}}
{"timestamp":"2025-10-26 03:33:30.192","level":"info","message":"Configuring global middleware","module":"core","action":"configure_middleware"}
{"timestamp":"2025-10-26 03:33:30.195","level":"info","message":"Global middleware configuration completed","module":"core","action":"middleware_configured"}
{"timestamp":"2025-10-26 03:33:30.196","level":"info","message":"Configuring production error handling","module":"core","action":"configure_error_handling"}
{"timestamp":"2025-10-26 03:33:30.196","level":"info","message":"Express application created successfully","module":"core","action":"app_created","metadata":{"creationTime":8,"environment":"development","middleware":{"enabled":true,"customRoutes":true}}}
{"timestamp":"2025-10-26 03:33:42.839","level":"info","message":"Creating Express application","module":"core","action":"create_app","metadata":{"environment":"development","version":"1.0.0"}}
{"timestamp":"2025-10-26 03:33:42.841","level":"info","message":"Configuring global middleware","module":"core","action":"configure_middleware"}
{"timestamp":"2025-10-26 03:33:42.845","level":"info","message":"Global middleware configuration completed","module":"core","action":"middleware_configured"}
{"timestamp":"2025-10-26 03:33:42.846","level":"info","message":"Configuring production error handling","module":"core","action":"configure_error_handling"}
{"timestamp":"2025-10-26 03:33:42.846","level":"info","message":"Express application created successfully","module":"core","action":"app_created","metadata":{"creationTime":8,"environment":"development","middleware":{"enabled":true,"customRoutes":true}}}
{"timestamp":"2025-10-26 03:34:13.124","level":"info","message":"Logger service initialized","module":"core","action":"initialize","metadata":{"format":"json","environment":"development"}}
{"timestamp":"2025-10-26 03:34:13.124","level":"info","message":"Logging service initialized","module":"core","action":"bootstrap","metadata":{"phase":"logging","environment":"development"}}
{"timestamp":"2025-10-26 03:34:13.125","level":"info","message":"Initializing metrics service","metadata":{"phase":"metrics"}}
{"timestamp":"2025-10-26 03:34:13.125","level":"info","message":"Metrics service initialized","metadata":{"phase":"metrics"}}
{"timestamp":"2025-10-26 03:34:13.125","level":"info","message":"Database initialization skipped","metadata":{"phase":"database"}}
{"timestamp":"2025-10-26 03:34:13.126","level":"info","message":"Creating Express application","metadata":{"phase":"application"}}
{"timestamp":"2025-10-26 03:34:13.126","level":"info","message":"Creating Express application","module":"core","action":"create_app","metadata":{"environment":"development","version":"1.0.0"}}
{"timestamp":"2025-10-26 03:34:13.127","level":"info","message":"Configuring global middleware","module":"core","action":"configure_middleware"}
{"timestamp":"2025-10-26 03:34:13.131","level":"info","message":"Global middleware configuration completed","module":"core","action":"middleware_configured"}
{"timestamp":"2025-10-26 03:34:13.131","level":"info","message":"Configuring production error handling","module":"core","action":"configure_error_handling"}
{"timestamp":"2025-10-26 03:34:13.131","level":"info","message":"Express application created successfully","module":"core","action":"app_created","metadata":{"creationTime":5,"environment":"development","middleware":{"enabled":true,"customRoutes":true}}}
{"timestamp":"2025-10-26 03:34:13.131","level":"info","message":"Express application created","metadata":{"phase":"application","port":3001,"host":"localhost"}}
{"timestamp":"2025-10-26 03:34:13.132","level":"info","message":"Health checks skipped","metadata":{"phase":"health_checks"}}
{"timestamp":"2025-10-26 03:34:13.132","level":"info","message":"Graceful shutdown handlers will be configured on server start","metadata":{"timeout":30000}}
{"timestamp":"2025-10-26 03:34:13.132","level":"info","message":"Application bootstrap completed successfully","module":"core","action":"bootstrap_complete","metadata":{"bootTime":11,"environment":"development","phases":["validation","logging","metrics","database","application","health_checks","server","ready"]}}
{"timestamp":"2025-10-26 03:34:13.132","level":"info","message":"Starting HTTP server","module":"core","action":"start_server","metadata":{"port":3001,"host":"localhost"}}
{"timestamp":"2025-10-26 03:34:13.141","level":"info","message":"HTTP server started successfully","module":"core","action":"server_started","metadata":{"port":3001,"host":"localhost","environment":"development","uptime":0.63346293,"memory":{"rss":176148480,"heapTotal":58023936,"heapUsed":46720320,"external":2433797,"arrayBuffers":27275}}}
{"timestamp":"2025-10-26 03:34:27.354","level":"info","message":"Received SIGTERM, starting graceful shutdown..."}
{"timestamp":"2025-10-26 03:34:27.899","level":"info","message":"Logger service initialized","module":"core","action":"initialize","metadata":{"format":"json","environment":"development"}}
{"timestamp":"2025-10-26 03:34:27.900","level":"info","message":"Logging service initialized","module":"core","action":"bootstrap","metadata":{"phase":"logging","environment":"development"}}
{"timestamp":"2025-10-26 03:34:27.900","level":"info","message":"Initializing metrics service","metadata":{"phase":"metrics"}}
{"timestamp":"2025-10-26 03:34:27.900","level":"info","message":"Metrics service initialized","module":"core","action":"initialize","metadata":{"enabled":true}}
{"timestamp":"2025-10-26 03:34:27.901","level":"info","message":"Metrics service initialized","metadata":{"phase":"metrics"}}
{"timestamp":"2025-10-26 03:34:27.901","level":"info","message":"Database initialization skipped","metadata":{"phase":"database"}}
{"timestamp":"2025-10-26 03:34:27.901","level":"info","message":"Creating Express application","metadata":{"phase":"application"}}
{"timestamp":"2025-10-26 03:34:27.901","level":"info","message":"Creating Express application","module":"core","action":"create_app","metadata":{"environment":"development","version":"1.0.0"}}
{"timestamp":"2025-10-26 03:34:27.903","level":"info","message":"Configuring global middleware","module":"core","action":"configure_middleware"}
{"timestamp":"2025-10-26 03:34:27.906","level":"info","message":"Global middleware configuration completed","module":"core","action":"middleware_configured"}
{"timestamp":"2025-10-26 03:34:27.907","level":"info","message":"Configuring production error handling","module":"core","action":"configure_error_handling"}
{"timestamp":"2025-10-26 03:34:27.907","level":"info","message":"Express application created successfully","module":"core","action":"app_created","metadata":{"creationTime":6,"environment":"development","middleware":{"enabled":true,"customRoutes":true}}}
{"timestamp":"2025-10-26 03:34:27.907","level":"info","message":"Express application created","metadata":{"phase":"application","port":3001,"host":"localhost"}}
{"timestamp":"2025-10-26 03:34:27.907","level":"info","message":"Health checks skipped","metadata":{"phase":"health_checks"}}
{"timestamp":"2025-10-26 03:34:27.908","level":"info","message":"Graceful shutdown handlers will be configured on server start","metadata":{"timeout":30000}}
{"timestamp":"2025-10-26 03:34:27.908","level":"info","message":"Application bootstrap completed successfully","module":"core","action":"bootstrap_complete","metadata":{"bootTime":11,"environment":"development","version":"1.0.0","phases":["validation","logging","metrics","database","application","health_checks","server","ready"]}}
{"timestamp":"2025-10-26 03:34:27.908","level":"info","message":"Starting HTTP server","module":"core","action":"start_server","metadata":{"port":3001,"host":"localhost"}}
{"timestamp":"2025-10-26 03:34:27.916","level":"info","message":"HTTP server started successfully","module":"core","action":"server_started","metadata":{"port":3001,"host":"localhost","environment":"development","uptime":0.525065625,"memory":{"rss":173404160,"heapTotal":58023936,"heapUsed":46787472,"external":2433797,"arrayBuffers":27275}}}
{"timestamp":"2025-10-26 03:37:03.515","level":"info","message":"Received SIGTERM, starting graceful shutdown..."}
{"timestamp":"2025-10-26 03:37:04.746","level":"info","message":"Logger service initialized","module":"core","action":"initialize","metadata":{"format":"json","environment":"development"}}
{"timestamp":"2025-10-26 03:37:04.747","level":"info","message":"Logging service initialized","module":"core","action":"bootstrap","metadata":{"phase":"logging","environment":"development"}}
{"timestamp":"2025-10-26 03:37:04.748","level":"info","message":"Initializing metrics service","metadata":{"phase":"metrics"}}
{"timestamp":"2025-10-26 03:37:04.748","level":"info","message":"Metrics service initialized","module":"core","action":"initialize","metadata":{"enabled":true}}
{"timestamp":"2025-10-26 03:37:04.748","level":"info","message":"Metrics service initialized","metadata":{"phase":"metrics"}}
{"timestamp":"2025-10-26 03:37:04.748","level":"info","message":"Database initialization skipped","metadata":{"phase":"database"}}
{"timestamp":"2025-10-26 03:37:04.749","level":"info","message":"Creating Express application","metadata":{"phase":"application"}}
{"timestamp":"2025-10-26 03:37:04.749","level":"info","message":"Creating Express application","module":"core","action":"create_app","metadata":{"environment":"development","version":"1.0.0"}}
{"timestamp":"2025-10-26 03:37:04.750","level":"info","message":"Configuring global middleware","module":"core","action":"configure_middleware"}
{"timestamp":"2025-10-26 03:37:04.755","level":"info","message":"Global middleware configuration completed","module":"core","action":"middleware_configured"}
{"timestamp":"2025-10-26 03:37:04.755","level":"info","message":"Configuring production error handling","module":"core","action":"configure_error_handling"}
{"timestamp":"2025-10-26 03:37:04.755","level":"info","message":"Express application created successfully","module":"core","action":"app_created","metadata":{"creationTime":6,"environment":"development","middleware":{"enabled":true,"customRoutes":true}}}
{"timestamp":"2025-10-26 03:37:04.755","level":"info","message":"Express application created","metadata":{"phase":"application","port":3001,"host":"localhost"}}
{"timestamp":"2025-10-26 03:37:04.756","level":"info","message":"Health checks skipped","metadata":{"phase":"health_checks"}}
{"timestamp":"2025-10-26 03:37:04.756","level":"info","message":"Graceful shutdown handlers will be configured on server start","metadata":{"timeout":30000}}
{"timestamp":"2025-10-26 03:37:04.756","level":"info","message":"Application bootstrap completed successfully","module":"core","action":"bootstrap_complete","metadata":{"bootTime":12,"environment":"development","version":"1.0.0","phases":["validation","logging","metrics","database","application","health_checks","server","ready"]}}
{"timestamp":"2025-10-26 03:37:04.756","level":"info","message":"Starting HTTP server","module":"core","action":"start_server","metadata":{"port":3001,"host":"localhost"}}
{"timestamp":"2025-10-26 03:37:04.765","level":"info","message":"HTTP server started successfully","module":"core","action":"server_started","metadata":{"port":3001,"host":"localhost","environment":"development","uptime":0.590652162,"memory":{"rss":170274816,"heapTotal":58023936,"heapUsed":46916856,"external":2433797,"arrayBuffers":27275}}}
{"timestamp":"2025-10-26 03:38:55.388","level":"info","message":"Received SIGINT, starting graceful shutdown..."}
{"timestamp":"2025-10-26 03:38:59.635","level":"info","message":"Logger service initialized","module":"core","action":"initialize","metadata":{"format":"json","environment":"development"}}
{"timestamp":"2025-10-26 03:38:59.636","level":"info","message":"Logging service initialized","module":"core","action":"bootstrap","metadata":{"phase":"logging","environment":"development"}}
{"timestamp":"2025-10-26 03:38:59.636","level":"info","message":"Initializing metrics service","metadata":{"phase":"metrics"}}
{"timestamp":"2025-10-26 03:38:59.636","level":"info","message":"Metrics service initialized","module":"core","action":"initialize","metadata":{"enabled":true}}
{"timestamp":"2025-10-26 03:38:59.637","level":"info","message":"Metrics service initialized","metadata":{"phase":"metrics"}}
{"timestamp":"2025-10-26 03:38:59.637","level":"info","message":"Database initialization skipped","metadata":{"phase":"database"}}
{"timestamp":"2025-10-26 03:38:59.637","level":"info","message":"Creating Express application","metadata":{"phase":"application"}}
{"timestamp":"2025-10-26 03:38:59.637","level":"info","message":"Creating Express application","module":"core","action":"create_app","metadata":{"environment":"development","version":"1.0.0"}}
{"timestamp":"2025-10-26 03:38:59.639","level":"info","message":"Configuring global middleware","module":"core","action":"configure_middleware"}
{"timestamp":"2025-10-26 03:38:59.643","level":"info","message":"Global middleware configuration completed","module":"core","action":"middleware_configured"}
{"timestamp":"2025-10-26 03:38:59.643","level":"info","message":"Configuring production error handling","module":"core","action":"configure_error_handling"}
{"timestamp":"2025-10-26 03:38:59.643","level":"info","message":"Express application created successfully","module":"core","action":"app_created","metadata":{"creationTime":6,"environment":"development","middleware":{"enabled":true,"customRoutes":true}}}
{"timestamp":"2025-10-26 03:38:59.643","level":"info","message":"Express application created","metadata":{"phase":"application","port":3001,"host":"localhost"}}
{"timestamp":"2025-10-26 03:38:59.643","level":"info","message":"Health checks skipped","metadata":{"phase":"health_checks"}}
{"timestamp":"2025-10-26 03:38:59.644","level":"info","message":"Graceful shutdown handlers will be configured on server start","metadata":{"timeout":30000}}
{"timestamp":"2025-10-26 03:38:59.644","level":"info","message":"Application bootstrap completed successfully","module":"core","action":"bootstrap_complete","metadata":{"bootTime":11,"environment":"development","version":"1.0.0","phases":["validation","logging","metrics","database","application","health_checks","server","ready"]}}
{"timestamp":"2025-10-26 03:38:59.644","level":"info","message":"Starting HTTP server","module":"core","action":"start_server","metadata":{"port":3001,"host":"localhost"}}
{"timestamp":"2025-10-26 03:38:59.653","level":"info","message":"HTTP server started successfully","module":"core","action":"server_started","metadata":{"port":3001,"host":"localhost","environment":"development","uptime":1.072595928,"memory":{"rss":174174208,"heapTotal":76111872,"heapUsed":50327168,"external":2433797,"arrayBuffers":27275}}}
{"timestamp":"2025-10-26 03:39:48.273","level":"info","message":"Received SIGINT, starting graceful shutdown..."}
{"timestamp":"2025-10-26 11:49:52.838","level":"info","message":"Logger service initialized","module":"core","action":"initialize","metadata":{"format":"json","environment":"development"}}
{"timestamp":"2025-10-26 11:49:52.839","level":"info","message":"Logging service initialized","module":"core","action":"bootstrap","metadata":{"phase":"logging","environment":"development"}}
{"timestamp":"2025-10-26 11:49:52.840","level":"info","message":"Initializing metrics service","metadata":{"phase":"metrics"}}
{"timestamp":"2025-10-26 11:49:52.840","level":"info","message":"Metrics service initialized","module":"core","action":"initialize","metadata":{"enabled":true}}
{"timestamp":"2025-10-26 11:49:52.840","level":"info","message":"Metrics service initialized","metadata":{"phase":"metrics"}}
{"timestamp":"2025-10-26 11:49:52.840","level":"info","message":"Database initialization skipped","metadata":{"phase":"database"}}
{"timestamp":"2025-10-26 11:49:52.841","level":"info","message":"Creating Express application","metadata":{"phase":"application"}}
{"timestamp":"2025-10-26 11:49:52.841","level":"info","message":"Creating Express application","module":"core","action":"create_app","metadata":{"environment":"development","version":"1.0.0"}}
{"timestamp":"2025-10-26 11:49:52.842","level":"info","message":"Configuring global middleware","module":"core","action":"configure_middleware"}
{"timestamp":"2025-10-26 11:49:52.845","level":"info","message":"Global middleware configuration completed","module":"core","action":"middleware_configured"}
{"timestamp":"2025-10-26 11:49:52.845","level":"info","message":"Configuring production error handling","module":"core","action":"configure_error_handling"}
{"timestamp":"2025-10-26 11:49:52.845","level":"info","message":"Express application created successfully","module":"core","action":"app_created","metadata":{"creationTime":4,"environment":"development","middleware":{"enabled":true,"customRoutes":true}}}
{"timestamp":"2025-10-26 11:49:52.845","level":"info","message":"Express application created","metadata":{"phase":"application","port":3001,"host":"localhost"}}
{"timestamp":"2025-10-26 11:49:52.846","level":"info","message":"Health checks skipped","metadata":{"phase":"health_checks"}}
{"timestamp":"2025-10-26 11:49:52.846","level":"info","message":"Graceful shutdown handlers will be configured on server start","metadata":{"timeout":30000}}
{"timestamp":"2025-10-26 11:49:52.846","level":"info","message":"Application bootstrap completed successfully","module":"core","action":"bootstrap_complete","metadata":{"bootTime":10,"environment":"development","version":"1.0.0","phases":["validation","logging","metrics","database","application","health_checks","server","ready"]}}
{"timestamp":"2025-10-26 11:49:52.846","level":"info","message":"Starting HTTP server","module":"core","action":"start_server","metadata":{"port":3001,"host":"localhost"}}
{"timestamp":"2025-10-26 11:49:52.855","level":"info","message":"HTTP server started successfully","module":"core","action":"server_started","metadata":{"port":3001,"host":"localhost","environment":"development","uptime":1.316624061,"memory":{"rss":187633664,"heapTotal":77791232,"heapUsed":44827632,"external":2433797,"arrayBuffers":27275}}}
{"timestamp":"2025-10-26 11:50:10.083","level":"info","message":"Received SIGTERM, starting graceful shutdown..."}
{"timestamp":"2025-10-26 11:50:10.712","level":"info","message":"Logger service initialized","module":"core","action":"initialize","metadata":{"format":"json","environment":"development"}}
{"timestamp":"2025-10-26 11:50:10.713","level":"info","message":"Logging service initialized","module":"core","action":"bootstrap","metadata":{"phase":"logging","environment":"development"}}
{"timestamp":"2025-10-26 11:50:10.713","level":"info","message":"Initializing metrics service","metadata":{"phase":"metrics"}}
{"timestamp":"2025-10-26 11:50:10.713","level":"info","message":"Metrics service initialized","module":"core","action":"initialize","metadata":{"enabled":true}}
{"timestamp":"2025-10-26 11:50:10.714","level":"info","message":"Metrics service initialized","metadata":{"phase":"metrics"}}
{"timestamp":"2025-10-26 11:50:10.714","level":"info","message":"Database initialization skipped","metadata":{"phase":"database"}}
{"timestamp":"2025-10-26 11:50:10.714","level":"info","message":"Creating Express application","metadata":{"phase":"application"}}
{"timestamp":"2025-10-26 11:50:10.714","level":"info","message":"Creating Express application","module":"core","action":"create_app","metadata":{"environment":"development","version":"1.0.0"}}
{"timestamp":"2025-10-26 11:50:10.715","level":"info","message":"Configuring global middleware","module":"core","action":"configure_middleware"}
{"timestamp":"2025-10-26 11:50:10.718","level":"info","message":"Global middleware configuration completed","module":"core","action":"middleware_configured"}
{"timestamp":"2025-10-26 11:50:10.719","level":"info","message":"Configuring production error handling","module":"core","action":"configure_error_handling"}
{"timestamp":"2025-10-26 11:50:10.719","level":"info","message":"Express application created successfully","module":"core","action":"app_created","metadata":{"creationTime":5,"environment":"development","middleware":{"enabled":true,"customRoutes":true}}}
{"timestamp":"2025-10-26 11:50:10.719","level":"info","message":"Express application created","metadata":{"phase":"application","port":3001,"host":"localhost"}}
{"timestamp":"2025-10-26 11:50:10.719","level":"info","message":"Health checks skipped","metadata":{"phase":"health_checks"}}
{"timestamp":"2025-10-26 11:50:10.719","level":"info","message":"Graceful shutdown handlers will be configured on server start","metadata":{"timeout":30000}}
{"timestamp":"2025-10-26 11:50:10.720","level":"info","message":"Application bootstrap completed successfully","module":"core","action":"bootstrap_complete","metadata":{"bootTime":9,"environment":"development","version":"1.0.0","phases":["validation","logging","metrics","database","application","health_checks","server","ready"]}}
{"timestamp":"2025-10-26 11:50:10.720","level":"info","message":"Starting HTTP server","module":"core","action":"start_server","metadata":{"port":3001,"host":"localhost"}}
{"timestamp":"2025-10-26 11:50:10.728","level":"info","message":"HTTP server started successfully","module":"core","action":"server_started","metadata":{"port":3001,"host":"localhost","environment":"development","uptime":0.597921253,"memory":{"rss":181071872,"heapTotal":76218368,"heapUsed":45215056,"external":2433797,"arrayBuffers":27275}}}
{"timestamp":"2025-10-26 11:51:04.571","level":"info","message":"Received SIGTERM, starting graceful shutdown..."}
{"timestamp":"2025-10-26 11:51:05.160","level":"info","message":"Logger service initialized","module":"core","action":"initialize","metadata":{"format":"json","environment":"development"}}
{"timestamp":"2025-10-26 11:51:05.161","level":"info","message":"Logging service initialized","module":"core","action":"bootstrap","metadata":{"phase":"logging","environment":"development"}}
{"timestamp":"2025-10-26 11:51:05.161","level":"info","message":"Initializing metrics service","metadata":{"phase":"metrics"}}
{"timestamp":"2025-10-26 11:51:05.161","level":"info","message":"Metrics service initialized","module":"core","action":"initialize","metadata":{"enabled":true}}
{"timestamp":"2025-10-26 11:51:05.162","level":"info","message":"Metrics service initialized","metadata":{"phase":"metrics"}}
{"timestamp":"2025-10-26 11:51:05.162","level":"info","message":"Database initialization skipped","metadata":{"phase":"database"}}
{"timestamp":"2025-10-26 11:51:05.162","level":"info","message":"Creating Express application","metadata":{"phase":"application"}}
{"timestamp":"2025-10-26 11:51:05.162","level":"info","message":"Creating Express application","module":"core","action":"create_app","metadata":{"environment":"development","version":"1.0.0"}}
{"timestamp":"2025-10-26 11:51:05.163","level":"info","message":"Configuring global middleware","module":"core","action":"configure_middleware"}
{"timestamp":"2025-10-26 11:51:05.166","level":"info","message":"Global middleware configuration completed","module":"core","action":"middleware_configured"}
{"timestamp":"2025-10-26 11:51:05.167","level":"info","message":"Configuring production error handling","module":"core","action":"configure_error_handling"}
{"timestamp":"2025-10-26 11:51:05.167","level":"info","message":"Express application created successfully","module":"core","action":"app_created","metadata":{"creationTime":5,"environment":"development","version":"1.0.0","middleware":{"enabled":true,"customRoutes":true}}}
{"timestamp":"2025-10-26 11:51:05.167","level":"info","message":"Express application created","metadata":{"phase":"application","port":3001,"host":"localhost"}}
{"timestamp":"2025-10-26 11:51:05.167","level":"info","message":"Health checks skipped","metadata":{"phase":"health_checks"}}
{"timestamp":"2025-10-26 11:51:05.167","level":"info","message":"Graceful shutdown handlers will be configured on server start","metadata":{"timeout":30000}}
{"timestamp":"2025-10-26 11:51:05.167","level":"info","message":"Application bootstrap completed successfully","module":"core","action":"bootstrap_complete","metadata":{"bootTime":9,"environment":"development","version":"1.0.0","phases":["validation","logging","metrics","database","application","health_checks","server","ready"]}}
{"timestamp":"2025-10-26 11:51:05.168","level":"info","message":"Starting HTTP server","module":"core","action":"start_server","metadata":{"port":3001,"host":"localhost"}}
{"timestamp":"2025-10-26 11:51:05.176","level":"info","message":"HTTP server started successfully","module":"core","action":"server_started","metadata":{"port":3001,"host":"localhost","environment":"development","uptime":0.561908794,"memory":{"rss":181936128,"heapTotal":76218368,"heapUsed":44924680,"external":2433797,"arrayBuffers":27275}}}
{"timestamp":"2025-10-26 11:53:19.938","level":"info","message":"Received SIGTERM, starting graceful shutdown..."}
{"timestamp":"2025-10-26 11:53:20.506","level":"info","message":"Logger service initialized","module":"core","action":"initialize","metadata":{"format":"json","environment":"development"}}
{"timestamp":"2025-10-26 11:53:20.507","level":"info","message":"Logging service initialized","module":"core","action":"bootstrap","metadata":{"phase":"logging","environment":"development"}}
{"timestamp":"2025-10-26 11:53:20.508","level":"info","message":"Initializing metrics service","metadata":{"phase":"metrics"}}
{"timestamp":"2025-10-26 11:53:20.508","level":"info","message":"Metrics service initialized","module":"core","action":"initialize","metadata":{"enabled":true}}
{"timestamp":"2025-10-26 11:53:20.508","level":"info","message":"Metrics service initialized","metadata":{"phase":"metrics"}}
{"timestamp":"2025-10-26 11:53:20.509","level":"info","message":"Database initialization skipped","metadata":{"phase":"database"}}
{"timestamp":"2025-10-26 11:53:20.509","level":"info","message":"Creating Express application","metadata":{"phase":"application"}}
{"timestamp":"2025-10-26 11:53:20.509","level":"info","message":"Creating Express application","module":"core","action":"create_app","metadata":{"environment":"development","version":"1.0.0"}}
{"timestamp":"2025-10-26 11:53:20.510","level":"info","message":"Configuring global middleware","module":"core","action":"configure_middleware"}
{"timestamp":"2025-10-26 11:53:20.513","level":"info","message":"Global middleware configuration completed","module":"core","action":"middleware_configured"}
{"timestamp":"2025-10-26 11:53:20.513","level":"info","message":"Configuring production error handling","module":"core","action":"configure_error_handling"}
{"timestamp":"2025-10-26 11:53:20.513","level":"info","message":"Express application created successfully","module":"core","action":"app_created","metadata":{"creationTime":4,"environment":"development","version":"1.0.0","middleware":{"enabled":true,"customRoutes":true}}}
{"timestamp":"2025-10-26 11:53:20.514","level":"info","message":"Express application created","metadata":{"phase":"application","port":3001,"host":"localhost"}}
{"timestamp":"2025-10-26 11:53:20.514","level":"info","message":"Health checks skipped","metadata":{"phase":"health_checks"}}
{"timestamp":"2025-10-26 11:53:20.514","level":"info","message":"Graceful shutdown handlers will be configured on server start","metadata":{"timeout":30000}}
{"timestamp":"2025-10-26 11:53:20.514","level":"info","message":"Application bootstrap completed successfully","module":"core","action":"bootstrap_complete","metadata":{"bootTime":10,"environment":"development","version":"1.0.0","phases":["validation","logging","metrics","database","application","health_checks","server","ready"]}}
{"timestamp":"2025-10-26 11:53:20.515","level":"info","message":"Starting HTTP server","module":"core","action":"start_server","metadata":{"port":3001,"host":"localhost"}}
{"timestamp":"2025-10-26 11:53:20.523","level":"info","message":"HTTP server started successfully","module":"core","action":"server_started","metadata":{"port":3001,"host":"localhost","environment":"development","uptime":0.549507869,"memory":{"rss":171089920,"heapTotal":76480512,"heapUsed":44952752,"external":2433797,"arrayBuffers":27275}}}
{"timestamp":"2025-10-26 12:01:27.920","level":"info","message":"Received SIGTERM, starting graceful shutdown..."}
{"timestamp":"2025-10-26 12:01:28.583","level":"info","message":"Logger service initialized","module":"core","action":"initialize","metadata":{"format":"json","environment":"development"}}
{"timestamp":"2025-10-26 12:01:28.584","level":"info","message":"Logging service initialized","module":"core","action":"bootstrap","metadata":{"phase":"logging","environment":"development"}}
{"timestamp":"2025-10-26 12:01:28.584","level":"info","message":"Initializing metrics service","metadata":{"phase":"metrics"}}
{"timestamp":"2025-10-26 12:01:28.584","level":"info","message":"Metrics service initialized","module":"core","action":"initialize","metadata":{"enabled":true}}
{"timestamp":"2025-10-26 12:01:28.585","level":"info","message":"Metrics service initialized","metadata":{"phase":"metrics"}}
{"timestamp":"2025-10-26 12:01:28.585","level":"info","message":"Database initialization skipped","metadata":{"phase":"database"}}
{"timestamp":"2025-10-26 12:01:28.585","level":"info","message":"Creating Express application","metadata":{"phase":"application"}}
{"timestamp":"2025-10-26 12:01:28.585","level":"info","message":"Creating Express application","module":"core","action":"create_app","metadata":{"environment":"development","version":"1.0.0"}}
{"timestamp":"2025-10-26 12:01:28.586","level":"info","message":"Configuring global middleware","module":"core","action":"configure_middleware"}
{"timestamp":"2025-10-26 12:01:28.589","level":"info","message":"Global middleware configuration completed","module":"core","action":"middleware_configured"}
{"timestamp":"2025-10-26 12:01:28.589","level":"info","message":"Configuring production error handling","module":"core","action":"configure_error_handling"}
{"timestamp":"2025-10-26 12:01:28.589","level":"info","message":"Express application created successfully","module":"core","action":"app_created","metadata":{"creationTime":4,"environment":"development","version":"1.0.0","middleware":{"enabled":true,"customRoutes":true}}}
{"timestamp":"2025-10-26 12:01:28.590","level":"info","message":"Express application created","metadata":{"phase":"application","port":3001,"host":"localhost"}}
{"timestamp":"2025-10-26 12:01:28.590","level":"info","message":"Health checks skipped","metadata":{"phase":"health_checks"}}
{"timestamp":"2025-10-26 12:01:28.590","level":"info","message":"Graceful shutdown handlers will be configured on server start","metadata":{"timeout":30000}}
{"timestamp":"2025-10-26 12:01:28.590","level":"info","message":"Application bootstrap completed successfully","module":"core","action":"bootstrap_complete","metadata":{"bootTime":10,"environment":"development","version":"1.0.0","phases":["validation","logging","metrics","database","application","health_checks","server","ready"]}}
{"timestamp":"2025-10-26 12:01:28.591","level":"info","message":"Starting HTTP server","module":"core","action":"start_server","metadata":{"port":3001,"host":"localhost"}}
{"timestamp":"2025-10-26 12:01:28.599","level":"info","message":"HTTP server started successfully","module":"core","action":"server_started","metadata":{"port":3001,"host":"localhost","environment":"development","uptime":0.638627883,"memory":{"rss":189521920,"heapTotal":76742656,"heapUsed":45171336,"external":2433797,"arrayBuffers":27275}}}
{"timestamp":"2025-10-26 12:05:03.573","level":"info","message":"Received SIGTERM, starting graceful shutdown..."}
{"timestamp":"2025-10-26 12:05:04.222","level":"info","message":"Logger service initialized","module":"core","action":"initialize","metadata":{"format":"json","environment":"development"}}
{"timestamp":"2025-10-26 12:05:04.223","level":"info","message":"Logging service initialized","module":"core","action":"bootstrap","metadata":{"phase":"logging","environment":"development"}}
{"timestamp":"2025-10-26 12:05:04.223","level":"info","message":"Initializing metrics service","metadata":{"phase":"metrics"}}
{"timestamp":"2025-10-26 12:05:04.224","level":"info","message":"Metrics service initialized","module":"core","action":"initialize","metadata":{"enabled":true}}
{"timestamp":"2025-10-26 12:05:04.224","level":"info","message":"Metrics service initialized","metadata":{"phase":"metrics"}}
{"timestamp":"2025-10-26 12:05:04.224","level":"info","message":"Database initialization skipped","metadata":{"phase":"database"}}
{"timestamp":"2025-10-26 12:05:04.224","level":"info","message":"Creating Express application","metadata":{"phase":"application"}}
{"timestamp":"2025-10-26 12:05:04.225","level":"info","message":"Creating Express application","module":"core","action":"create_app","metadata":{"environment":"development","version":"1.0.0"}}
{"timestamp":"2025-10-26 12:05:04.226","level":"info","message":"Configuring global middleware","module":"core","action":"configure_middleware"}
{"timestamp":"2025-10-26 12:05:04.228","level":"info","message":"Global middleware configuration completed","module":"core","action":"middleware_configured"}
{"timestamp":"2025-10-26 12:05:04.228","level":"info","message":"Configuring production error handling","module":"core","action":"configure_error_handling"}
{"timestamp":"2025-10-26 12:05:04.229","level":"info","message":"Express application created successfully","module":"core","action":"app_created","metadata":{"creationTime":4,"environment":"development","version":"1.0.0","middleware":{"enabled":true,"customRoutes":true}}}
{"timestamp":"2025-10-26 12:05:04.229","level":"info","message":"Express application created","metadata":{"phase":"application","port":3001,"host":"localhost"}}
{"timestamp":"2025-10-26 12:05:04.229","level":"info","message":"Health checks skipped","metadata":{"phase":"health_checks"}}
{"timestamp":"2025-10-26 12:05:04.229","level":"info","message":"Graceful shutdown handlers will be configured on server start","metadata":{"timeout":30000}}
{"timestamp":"2025-10-26 12:05:04.229","level":"info","message":"Application bootstrap completed successfully","module":"core","action":"bootstrap_complete","metadata":{"bootTime":9,"environment":"development","version":"1.0.0","phases":["validation","logging","metrics","database","application","health_checks","server","ready"]}}
{"timestamp":"2025-10-26 12:05:04.230","level":"info","message":"Starting HTTP server","module":"core","action":"start_server","metadata":{"port":3001,"host":"localhost"}}
{"timestamp":"2025-10-26 12:05:04.238","level":"info","message":"HTTP server started successfully","module":"core","action":"server_started","metadata":{"port":3001,"host":"localhost","environment":"development","uptime":0.628965071,"memory":{"rss":171995136,"heapTotal":76480512,"heapUsed":44948880,"external":2433797,"arrayBuffers":27275}}}
{"timestamp":"2025-10-26 12:09:35.187","level":"info","message":"Received SIGTERM, starting graceful shutdown..."}
{"timestamp":"2025-10-26 12:09:35.763","level":"info","message":"Logger service initialized","module":"core","action":"initialize","metadata":{"format":"json","environment":"development"}}
{"timestamp":"2025-10-26 12:09:35.764","level":"info","message":"Logging service initialized","module":"core","action":"bootstrap","metadata":{"phase":"logging","environment":"development"}}
{"timestamp":"2025-10-26 12:09:35.765","level":"info","message":"Initializing metrics service","metadata":{"phase":"metrics"}}
{"timestamp":"2025-10-26 12:09:35.765","level":"info","message":"Metrics service initialized","module":"core","action":"initialize","metadata":{"enabled":true}}
{"timestamp":"2025-10-26 12:09:35.765","level":"info","message":"Metrics service initialized","metadata":{"phase":"metrics"}}
{"timestamp":"2025-10-26 12:09:35.765","level":"info","message":"Database initialization skipped","metadata":{"phase":"database"}}
{"timestamp":"2025-10-26 12:09:35.766","level":"info","message":"Creating Express application","metadata":{"phase":"application"}}
{"timestamp":"2025-10-26 12:09:35.766","level":"info","message":"Creating Express application","module":"core","action":"create_app","metadata":{"environment":"development","version":"1.0.0"}}
{"timestamp":"2025-10-26 12:09:35.767","level":"info","message":"Configuring global middleware","module":"core","action":"configure_middleware"}
{"timestamp":"2025-10-26 12:09:35.769","level":"info","message":"Global middleware configuration completed","module":"core","action":"middleware_configured"}
{"timestamp":"2025-10-26 12:09:35.770","level":"info","message":"Configuring production error handling","module":"core","action":"configure_error_handling"}
{"timestamp":"2025-10-26 12:09:35.770","level":"info","message":"Express application created successfully","module":"core","action":"app_created","metadata":{"creationTime":4,"environment":"development","version":"1.0.0","middleware":{"enabled":true,"customRoutes":true}}}
{"timestamp":"2025-10-26 12:09:35.770","level":"info","message":"Express application created","metadata":{"phase":"application","port":3001,"host":"localhost"}}
{"timestamp":"2025-10-26 12:09:35.770","level":"info","message":"Health checks skipped","metadata":{"phase":"health_checks"}}
{"timestamp":"2025-10-26 12:09:35.771","level":"info","message":"Graceful shutdown handlers will be configured on server start","metadata":{"timeout":30000}}
{"timestamp":"2025-10-26 12:09:35.771","level":"info","message":"Application bootstrap completed successfully","module":"core","action":"bootstrap_complete","metadata":{"bootTime":10,"environment":"development","version":"1.0.0","phases":["validation","logging","metrics","database","application","health_checks","server","ready"]}}
{"timestamp":"2025-10-26 12:09:35.772","level":"info","message":"Starting HTTP server","module":"core","action":"start_server","metadata":{"port":3001,"host":"localhost"}}
{"timestamp":"2025-10-26 12:09:35.780","level":"info","message":"HTTP server started successfully","module":"core","action":"server_started","metadata":{"port":3001,"host":"localhost","environment":"development","uptime":0.555095622,"memory":{"rss":176934912,"heapTotal":76480512,"heapUsed":44983448,"external":2433797,"arrayBuffers":27275}}}
{"timestamp":"2025-10-26 12:13:46.509","level":"info","message":"Received SIGTERM, starting graceful shutdown..."}
{"timestamp":"2025-10-26 12:13:47.183","level":"info","message":"Logger service initialized","module":"core","action":"initialize","metadata":{"format":"json","environment":"development"}}
{"timestamp":"2025-10-26 12:13:47.184","level":"info","message":"Logging service initialized","module":"core","action":"bootstrap","metadata":{"phase":"logging","environment":"development"}}
{"timestamp":"2025-10-26 12:13:47.185","level":"info","message":"Initializing metrics service","metadata":{"phase":"metrics"}}
{"timestamp":"2025-10-26 12:13:47.185","level":"info","message":"Metrics service initialized","module":"core","action":"initialize","metadata":{"enabled":true}}
{"timestamp":"2025-10-26 12:13:47.185","level":"info","message":"Metrics service initialized","metadata":{"phase":"metrics"}}
{"timestamp":"2025-10-26 12:13:47.185","level":"info","message":"Database initialization skipped","metadata":{"phase":"database"}}
{"timestamp":"2025-10-26 12:13:47.186","level":"info","message":"Creating Express application","metadata":{"phase":"application"}}
{"timestamp":"2025-10-26 12:13:47.186","level":"info","message":"Creating Express application","module":"core","action":"create_app","metadata":{"environment":"development","version":"1.0.0"}}
{"timestamp":"2025-10-26 12:13:47.187","level":"info","message":"Configuring global middleware","module":"core","action":"configure_middleware"}
{"timestamp":"2025-10-26 12:13:47.190","level":"info","message":"Global middleware configuration completed","module":"core","action":"middleware_configured"}
{"timestamp":"2025-10-26 12:13:47.190","level":"info","message":"Configuring production error handling","module":"core","action":"configure_error_handling"}
{"timestamp":"2025-10-26 12:13:47.190","level":"info","message":"Express application created successfully","module":"core","action":"app_created","metadata":{"creationTime":4,"environment":"development","version":"1.0.0","middleware":{"enabled":true,"customRoutes":true}}}
{"timestamp":"2025-10-26 12:13:47.190","level":"info","message":"Express application created","metadata":{"phase":"application","port":3001,"host":"localhost"}}
{"timestamp":"2025-10-26 12:13:47.190","level":"info","message":"Health checks skipped","metadata":{"phase":"health_checks"}}
{"timestamp":"2025-10-26 12:13:47.191","level":"info","message":"Graceful shutdown handlers will be configured on server start","metadata":{"timeout":30000}}
{"timestamp":"2025-10-26 12:13:47.191","level":"info","message":"Application bootstrap completed successfully","module":"core","action":"bootstrap_complete","metadata":{"bootTime":10,"environment":"development","version":"1.0.0","phases":["validation","logging","metrics","database","application","health_checks","server","ready"]}}
{"timestamp":"2025-10-26 12:13:47.191","level":"info","message":"Starting HTTP server","module":"core","action":"start_server","metadata":{"port":3001,"host":"localhost"}}
{"timestamp":"2025-10-26 12:13:47.199","level":"info","message":"HTTP server started successfully","module":"core","action":"server_started","metadata":{"port":3001,"host":"localhost","environment":"development","uptime":0.615944807,"memory":{"rss":176230400,"heapTotal":76480512,"heapUsed":45041448,"external":2433797,"arrayBuffers":27275}}}
{"timestamp":"2025-10-26 12:14:25.720","level":"info","message":"Received SIGTERM, starting graceful shutdown..."}
{"timestamp":"2025-10-26 12:14:26.289","level":"info","message":"Logger service initialized","module":"core","action":"initialize","metadata":{"format":"json","environment":"development"}}
{"timestamp":"2025-10-26 12:14:26.290","level":"info","message":"Logging service initialized","module":"core","action":"bootstrap","metadata":{"phase":"logging","environment":"development"}}
{"timestamp":"2025-10-26 12:14:26.291","level":"info","message":"Initializing metrics service","metadata":{"phase":"metrics"}}
{"timestamp":"2025-10-26 12:14:26.291","level":"info","message":"Metrics service initialized","module":"core","action":"initialize","metadata":{"enabled":true}}
{"timestamp":"2025-10-26 12:14:26.291","level":"info","message":"Metrics service initialized","metadata":{"phase":"metrics"}}
{"timestamp":"2025-10-26 12:14:26.291","level":"info","message":"Database initialization skipped","metadata":{"phase":"database"}}
{"timestamp":"2025-10-26 12:14:26.292","level":"info","message":"Creating Express application","metadata":{"phase":"application"}}
{"timestamp":"2025-10-26 12:14:26.292","level":"info","message":"Creating Express application","module":"core","action":"create_app","metadata":{"environment":"development","version":"1.0.0"}}
{"timestamp":"2025-10-26 12:14:26.293","level":"info","message":"Configuring global middleware","module":"core","action":"configure_middleware"}
{"timestamp":"2025-10-26 12:14:26.296","level":"info","message":"Global middleware configuration completed","module":"core","action":"middleware_configured"}
{"timestamp":"2025-10-26 12:14:26.296","level":"info","message":"Configuring production error handling","module":"core","action":"configure_error_handling"}
{"timestamp":"2025-10-26 12:14:26.296","level":"info","message":"Express application created successfully","module":"core","action":"app_created","metadata":{"creationTime":4,"environment":"development","version":"1.0.0","middleware":{"enabled":true,"customRoutes":true}}}
{"timestamp":"2025-10-26 12:14:26.297","level":"info","message":"Express application created","metadata":{"phase":"application","port":3001,"host":"localhost"}}
{"timestamp":"2025-10-26 12:14:26.297","level":"info","message":"Health checks skipped","metadata":{"phase":"health_checks"}}
{"timestamp":"2025-10-26 12:14:26.297","level":"info","message":"Graceful shutdown handlers will be configured on server start","metadata":{"timeout":30000}}
{"timestamp":"2025-10-26 12:14:26.297","level":"info","message":"Application bootstrap completed successfully","module":"core","action":"bootstrap_complete","metadata":{"bootTime":10,"environment":"development","version":"1.0.0","phases":["validation","logging","metrics","database","application","health_checks","server","ready"]}}
{"timestamp":"2025-10-26 12:14:26.298","level":"info","message":"Starting HTTP server","module":"core","action":"start_server","metadata":{"port":3001,"host":"localhost"}}
{"timestamp":"2025-10-26 12:14:26.305","level":"info","message":"HTTP server started successfully","module":"core","action":"server_started","metadata":{"port":3001,"host":"localhost","environment":"development","uptime":0.548418652,"memory":{"rss":173764608,"heapTotal":76480512,"heapUsed":44798816,"external":2433797,"arrayBuffers":27275}}}
{"timestamp":"2025-10-26 12:14:29.789","level":"info","message":"Received SIGTERM, starting graceful shutdown..."}
{"timestamp":"2025-10-26 12:14:30.440","level":"info","message":"Logger service initialized","module":"core","action":"initialize","metadata":{"format":"json","environment":"development"}}
{"timestamp":"2025-10-26 12:14:30.441","level":"info","message":"Logging service initialized","module":"core","action":"bootstrap","metadata":{"phase":"logging","environment":"development"}}
{"timestamp":"2025-10-26 12:14:30.441","level":"info","message":"Initializing metrics service","metadata":{"phase":"metrics"}}
{"timestamp":"2025-10-26 12:14:30.442","level":"info","message":"Metrics service initialized","module":"core","action":"initialize","metadata":{"enabled":true}}
{"timestamp":"2025-10-26 12:14:30.442","level":"info","message":"Metrics service initialized","metadata":{"phase":"metrics"}}
{"timestamp":"2025-10-26 12:14:30.442","level":"info","message":"Database initialization skipped","metadata":{"phase":"database"}}
{"timestamp":"2025-10-26 12:14:30.442","level":"info","message":"Creating Express application","metadata":{"phase":"application"}}
{"timestamp":"2025-10-26 12:14:30.443","level":"info","message":"Creating Express application","module":"core","action":"create_app","metadata":{"environment":"development","version":"1.0.0"}}
{"timestamp":"2025-10-26 12:14:30.444","level":"info","message":"Configuring global middleware","module":"core","action":"configure_middleware"}
{"timestamp":"2025-10-26 12:14:30.446","level":"info","message":"Global middleware configuration completed","module":"core","action":"middleware_configured"}
{"timestamp":"2025-10-26 12:14:30.447","level":"info","message":"Configuring production error handling","module":"core","action":"configure_error_handling"}
{"timestamp":"2025-10-26 12:14:30.447","level":"info","message":"Express application created successfully","module":"core","action":"app_created","metadata":{"creationTime":4,"environment":"development","version":"1.0.0","middleware":{"enabled":true,"customRoutes":true}}}
{"timestamp":"2025-10-26 12:14:30.447","level":"info","message":"Express application created","metadata":{"phase":"application","port":3001,"host":"localhost"}}
{"timestamp":"2025-10-26 12:14:30.447","level":"info","message":"Health checks skipped","metadata":{"phase":"health_checks"}}
{"timestamp":"2025-10-26 12:14:30.448","level":"info","message":"Graceful shutdown handlers will be configured on server start","metadata":{"timeout":30000}}
{"timestamp":"2025-10-26 12:14:30.448","level":"info","message":"Application bootstrap completed successfully","module":"core","action":"bootstrap_complete","metadata":{"bootTime":11,"environment":"development","version":"1.0.0","phases":["validation","logging","metrics","database","application","health_checks","server","ready"]}}
{"timestamp":"2025-10-26 12:14:30.448","level":"info","message":"Starting HTTP server","module":"core","action":"start_server","metadata":{"port":3001,"host":"localhost"}}
{"timestamp":"2025-10-26 12:14:30.457","level":"info","message":"HTTP server started successfully","module":"core","action":"server_started","metadata":{"port":3001,"host":"localhost","environment":"development","uptime":0.630739769,"memory":{"rss":182325248,"heapTotal":76218368,"heapUsed":45054888,"external":2433797,"arrayBuffers":27275}}}
{"timestamp":"2025-10-26 12:28:51.550","level":"info","message":"Received SIGTERM, starting graceful shutdown..."}
{"timestamp":"2025-10-26 12:28:52.134","level":"info","message":"Logger service initialized","module":"core","action":"initialize","metadata":{"format":"json","environment":"development"}}
{"timestamp":"2025-10-26 12:28:52.135","level":"info","message":"Logging service initialized","module":"core","action":"bootstrap","metadata":{"phase":"logging","environment":"development"}}
{"timestamp":"2025-10-26 12:28:52.136","level":"info","message":"Initializing metrics service","metadata":{"phase":"metrics"}}
{"timestamp":"2025-10-26 12:28:52.136","level":"info","message":"Metrics service initialized","module":"core","action":"initialize","metadata":{"enabled":true}}
{"timestamp":"2025-10-26 12:28:52.136","level":"info","message":"Metrics service initialized","metadata":{"phase":"metrics"}}
{"timestamp":"2025-10-26 12:28:52.136","level":"info","message":"Database initialization skipped","metadata":{"phase":"database"}}
{"timestamp":"2025-10-26 12:28:52.136","level":"info","message":"Creating Express application","metadata":{"phase":"application"}}
{"timestamp":"2025-10-26 12:28:52.137","level":"info","message":"Creating Express application","module":"core","action":"create_app","metadata":{"environment":"development","version":"1.0.0"}}
{"timestamp":"2025-10-26 12:28:52.138","level":"info","message":"Configuring global middleware","module":"core","action":"configure_middleware"}
{"timestamp":"2025-10-26 12:28:52.141","level":"info","message":"Global middleware configuration completed","module":"core","action":"middleware_configured"}
{"timestamp":"2025-10-26 12:28:52.141","level":"info","message":"Configuring production error handling","module":"core","action":"configure_error_handling"}
{"timestamp":"2025-10-26 12:28:52.141","level":"info","message":"Express application created successfully","module":"core","action":"app_created","metadata":{"creationTime":4,"environment":"development","version":"1.0.0","middleware":{"enabled":true,"customRoutes":true}}}
{"timestamp":"2025-10-26 12:28:52.141","level":"info","message":"Express application created","metadata":{"phase":"application","port":3001,"host":"localhost"}}
{"timestamp":"2025-10-26 12:28:52.141","level":"info","message":"Health checks skipped","metadata":{"phase":"health_checks"}}
{"timestamp":"2025-10-26 12:28:52.142","level":"info","message":"Graceful shutdown handlers will be configured on server start","metadata":{"timeout":30000}}
{"timestamp":"2025-10-26 12:28:52.142","level":"info","message":"Application bootstrap completed successfully","module":"core","action":"bootstrap_complete","metadata":{"bootTime":10,"environment":"development","version":"1.0.0","phases":["validation","logging","metrics","database","application","health_checks","server","ready"]}}
{"timestamp":"2025-10-26 12:28:52.142","level":"info","message":"Starting HTTP server","module":"core","action":"start_server","metadata":{"port":3001,"host":"localhost"}}
{"timestamp":"2025-10-26 12:28:52.150","level":"info","message":"HTTP server started successfully","module":"core","action":"server_started","metadata":{"port":3001,"host":"localhost","environment":"development","uptime":0.559140973,"memory":{"rss":174780416,"heapTotal":76480512,"heapUsed":44991720,"external":2433797,"arrayBuffers":27275}}}
{"timestamp":"2025-10-26 12:29:08.104","level":"info","message":"Received SIGTERM, starting graceful shutdown..."}
{"timestamp":"2025-10-26 12:29:08.690","level":"info","message":"Logger service initialized","module":"core","action":"initialize","metadata":{"format":"json","environment":"development"}}
{"timestamp":"2025-10-26 12:29:08.691","level":"info","message":"Logging service initialized","module":"core","action":"bootstrap","metadata":{"phase":"logging","environment":"development"}}
{"timestamp":"2025-10-26 12:29:08.691","level":"info","message":"Initializing metrics service","metadata":{"phase":"metrics"}}
{"timestamp":"2025-10-26 12:29:08.691","level":"info","message":"Metrics service initialized","module":"core","action":"initialize","metadata":{"enabled":true}}
{"timestamp":"2025-10-26 12:29:08.692","level":"info","message":"Metrics service initialized","metadata":{"phase":"metrics"}}
{"timestamp":"2025-10-26 12:29:08.692","level":"info","message":"Database initialization skipped","metadata":{"phase":"database"}}
{"timestamp":"2025-10-26 12:29:08.692","level":"info","message":"Creating Express application","metadata":{"phase":"application"}}
{"timestamp":"2025-10-26 12:29:08.693","level":"info","message":"Creating Express application","module":"core","action":"create_app","metadata":{"environment":"development","version":"1.0.0"}}
{"timestamp":"2025-10-26 12:29:08.694","level":"info","message":"Configuring global middleware","module":"core","action":"configure_middleware"}
{"timestamp":"2025-10-26 12:29:08.697","level":"info","message":"Global middleware configuration completed","module":"core","action":"middleware_configured"}
{"timestamp":"2025-10-26 12:29:08.697","level":"info","message":"Configuring production error handling","module":"core","action":"configure_error_handling"}
{"timestamp":"2025-10-26 12:29:08.697","level":"info","message":"Express application created successfully","module":"core","action":"app_created","metadata":{"creationTime":4,"environment":"development","version":"1.0.0","middleware":{"enabled":true,"customRoutes":true}}}
{"timestamp":"2025-10-26 12:29:08.698","level":"info","message":"Express application created","metadata":{"phase":"application","port":3001,"host":"localhost"}}
{"timestamp":"2025-10-26 12:29:08.698","level":"info","message":"Health checks skipped","metadata":{"phase":"health_checks"}}
{"timestamp":"2025-10-26 12:29:08.698","level":"info","message":"Graceful shutdown handlers will be configured on server start","metadata":{"timeout":30000}}
{"timestamp":"2025-10-26 12:29:08.698","level":"info","message":"Application bootstrap completed successfully","module":"core","action":"bootstrap_complete","metadata":{"bootTime":10,"environment":"development","version":"1.0.0","phases":["validation","logging","metrics","database","application","health_checks","server","ready"]}}
{"timestamp":"2025-10-26 12:29:08.699","level":"info","message":"Starting HTTP server","module":"core","action":"start_server","metadata":{"port":3001,"host":"localhost"}}
{"timestamp":"2025-10-26 12:29:08.706","level":"info","message":"HTTP server started successfully","module":"core","action":"server_started","metadata":{"port":3001,"host":"localhost","environment":"development","uptime":0.564650363,"memory":{"rss":169525248,"heapTotal":76480512,"heapUsed":45182680,"external":2433797,"arrayBuffers":27275}}}
{"timestamp":"2025-10-26 16:42:30.143","level":"info","message":"Received SIGTERM, starting graceful shutdown..."}
{"timestamp":"2025-10-26 16:42:30.857","level":"info","message":"Logger service initialized","module":"core","action":"initialize","metadata":{"format":"json","environment":"development"}}
{"timestamp":"2025-10-26 16:42:30.857","level":"info","message":"Logging service initialized","module":"core","action":"bootstrap","metadata":{"phase":"logging","environment":"development"}}
{"timestamp":"2025-10-26 16:42:30.858","level":"info","message":"Initializing metrics service","metadata":{"phase":"metrics"}}
{"timestamp":"2025-10-26 16:42:30.858","level":"info","message":"Metrics service initialized","module":"core","action":"initialize","metadata":{"enabled":true}}
{"timestamp":"2025-10-26 16:42:30.858","level":"info","message":"Metrics service initialized","metadata":{"phase":"metrics"}}
{"timestamp":"2025-10-26 16:42:30.859","level":"info","message":"Database initialization skipped","metadata":{"phase":"database"}}
{"timestamp":"2025-10-26 16:42:30.859","level":"info","message":"Creating Express application","metadata":{"phase":"application"}}
{"timestamp":"2025-10-26 16:42:30.859","level":"info","message":"Creating Express application","module":"core","action":"create_app","metadata":{"environment":"development","version":"1.0.0"}}
{"timestamp":"2025-10-26 16:42:30.860","level":"info","message":"Configuring global middleware","module":"core","action":"configure_middleware"}
{"timestamp":"2025-10-26 16:42:30.863","level":"info","message":"Global middleware configuration completed","module":"core","action":"middleware_configured"}
{"timestamp":"2025-10-26 16:42:30.863","level":"info","message":"Configuring production error handling","module":"core","action":"configure_error_handling"}
{"timestamp":"2025-10-26 16:42:30.863","level":"info","message":"Express application created successfully","module":"core","action":"app_created","metadata":{"creationTime":4,"environment":"development","version":"1.0.0","middleware":{"enabled":true,"customRoutes":true}}}
{"timestamp":"2025-10-26 16:42:30.864","level":"info","message":"Express application created","metadata":{"phase":"application","port":3001,"host":"localhost"}}
{"timestamp":"2025-10-26 16:42:30.864","level":"info","message":"Health checks skipped","metadata":{"phase":"health_checks"}}
{"timestamp":"2025-10-26 16:42:30.864","level":"info","message":"Graceful shutdown handlers will be configured on server start","metadata":{"timeout":30000}}
{"timestamp":"2025-10-26 16:42:30.864","level":"info","message":"Application bootstrap completed successfully","module":"core","action":"bootstrap_complete","metadata":{"bootTime":9,"environment":"development","version":"1.0.0","phases":["validation","logging","metrics","database","application","health_checks","server","ready"]}}
{"timestamp":"2025-10-26 16:42:30.865","level":"info","message":"Starting HTTP server","module":"core","action":"start_server","metadata":{"port":3001,"host":"localhost"}}
{"timestamp":"2025-10-26 16:42:30.873","level":"info","message":"HTTP server started successfully","module":"core","action":"server_started","metadata":{"port":3001,"host":"localhost","environment":"development","uptime":0.690113084,"memory":{"rss":165359616,"heapTotal":76218368,"heapUsed":45118408,"external":2433797,"arrayBuffers":27275}}}
{"timestamp":"2025-10-26 16:46:38.894","level":"info","message":"Received SIGTERM, starting graceful shutdown..."}
{"timestamp":"2025-10-26 16:46:39.504","level":"info","message":"Logger service initialized","module":"core","action":"initialize","metadata":{"format":"json","environment":"development"}}
{"timestamp":"2025-10-26 16:46:39.505","level":"info","message":"Logging service initialized","module":"core","action":"bootstrap","metadata":{"phase":"logging","environment":"development"}}
{"timestamp":"2025-10-26 16:46:39.505","level":"info","message":"Initializing metrics service","metadata":{"phase":"metrics"}}
{"timestamp":"2025-10-26 16:46:39.505","level":"info","message":"Metrics service initialized","module":"core","action":"initialize","metadata":{"enabled":true}}
{"timestamp":"2025-10-26 16:46:39.505","level":"info","message":"Metrics service initialized","metadata":{"phase":"metrics"}}
{"timestamp":"2025-10-26 16:46:39.506","level":"info","message":"Database initialization skipped","metadata":{"phase":"database"}}
{"timestamp":"2025-10-26 16:46:39.506","level":"info","message":"Creating Express application","metadata":{"phase":"application"}}
{"timestamp":"2025-10-26 16:46:39.506","level":"info","message":"Creating Express application","module":"core","action":"create_app","metadata":{"environment":"development","version":"1.0.0"}}
{"timestamp":"2025-10-26 16:46:39.507","level":"info","message":"Configuring global middleware","module":"core","action":"configure_middleware"}
{"timestamp":"2025-10-26 16:46:39.510","level":"info","message":"Global middleware configuration completed","module":"core","action":"middleware_configured"}
{"timestamp":"2025-10-26 16:46:39.510","level":"info","message":"Configuring production error handling","module":"core","action":"configure_error_handling"}
{"timestamp":"2025-10-26 16:46:39.510","level":"info","message":"Express application created successfully","module":"core","action":"app_created","metadata":{"creationTime":4,"environment":"development","version":"1.0.0","middleware":{"enabled":true,"customRoutes":true}}}
{"timestamp":"2025-10-26 16:46:39.511","level":"info","message":"Express application created","metadata":{"phase":"application","port":3001,"host":"localhost"}}
{"timestamp":"2025-10-26 16:46:39.511","level":"info","message":"Health checks skipped","metadata":{"phase":"health_checks"}}
{"timestamp":"2025-10-26 16:46:39.511","level":"info","message":"Graceful shutdown handlers will be configured on server start","metadata":{"timeout":30000}}
{"timestamp":"2025-10-26 16:46:39.511","level":"info","message":"Application bootstrap completed successfully","module":"core","action":"bootstrap_complete","metadata":{"bootTime":9,"environment":"development","version":"1.0.0","phases":["validation","logging","metrics","database","application","health_checks","server","ready"]}}
{"timestamp":"2025-10-26 16:46:39.512","level":"info","message":"Starting HTTP server","module":"core","action":"start_server","metadata":{"port":3001,"host":"localhost"}}
{"timestamp":"2025-10-26 16:46:39.520","level":"info","message":"HTTP server started successfully","module":"core","action":"server_started","metadata":{"port":3001,"host":"localhost","environment":"development","uptime":0.588618107,"memory":{"rss":184451072,"heapTotal":76742656,"heapUsed":44969496,"external":2433797,"arrayBuffers":27275}}}
{"timestamp":"2025-10-26 16:46:47.245","level":"info","message":"Received SIGINT, starting graceful shutdown..."}
{"timestamp":"2025-10-26 16:47:15.878","level":"info","message":"Logger service initialized","module":"core","action":"initialize","metadata":{"format":"json","environment":"development"}}
{"timestamp":"2025-10-26 16:47:15.879","level":"info","message":"Logging service initialized","module":"core","action":"bootstrap","metadata":{"phase":"logging","environment":"development"}}
{"timestamp":"2025-10-26 16:47:15.879","level":"info","message":"Initializing metrics service","metadata":{"phase":"metrics"}}
{"timestamp":"2025-10-26 16:47:15.879","level":"info","message":"Metrics service initialized","module":"core","action":"initialize","metadata":{"enabled":true}}
{"timestamp":"2025-10-26 16:47:15.880","level":"info","message":"Metrics service initialized","metadata":{"phase":"metrics"}}
{"timestamp":"2025-10-26 16:47:15.880","level":"info","message":"Database initialization skipped","metadata":{"phase":"database"}}
{"timestamp":"2025-10-26 16:47:15.880","level":"info","message":"Creating Express application","metadata":{"phase":"application"}}
{"timestamp":"2025-10-26 16:47:15.880","level":"info","message":"Creating Express application","module":"core","action":"create_app","metadata":{"environment":"development","version":"1.0.0"}}
{"timestamp":"2025-10-26 16:47:15.881","level":"info","message":"Configuring global middleware","module":"core","action":"configure_middleware"}
{"timestamp":"2025-10-26 16:47:15.884","level":"info","message":"Global middleware configuration completed","module":"core","action":"middleware_configured"}
{"timestamp":"2025-10-26 16:47:15.884","level":"info","message":"Configuring production error handling","module":"core","action":"configure_error_handling"}
{"timestamp":"2025-10-26 16:47:15.885","level":"info","message":"Express application created successfully","module":"core","action":"app_created","metadata":{"creationTime":5,"environment":"development","version":"1.0.0","middleware":{"enabled":true,"customRoutes":true}}}
{"timestamp":"2025-10-26 16:47:15.885","level":"info","message":"Express application created","metadata":{"phase":"application","port":3001,"host":"localhost"}}
{"timestamp":"2025-10-26 16:47:15.885","level":"info","message":"Health checks skipped","metadata":{"phase":"health_checks"}}
{"timestamp":"2025-10-26 16:47:15.885","level":"info","message":"Graceful shutdown handlers will be configured on server start","metadata":{"timeout":30000}}
{"timestamp":"2025-10-26 16:47:15.886","level":"info","message":"Application bootstrap completed successfully","module":"core","action":"bootstrap_complete","metadata":{"bootTime":9,"environment":"development","version":"1.0.0","phases":["validation","logging","metrics","database","application","health_checks","server","ready"]}}
{"timestamp":"2025-10-26 16:47:15.886","level":"info","message":"Starting HTTP server","module":"core","action":"start_server","metadata":{"port":3001,"host":"localhost"}}
{"timestamp":"2025-10-26 16:47:15.895","level":"info","message":"HTTP server started successfully","module":"core","action":"server_started","metadata":{"port":3001,"host":"localhost","environment":"development","uptime":1.284997161,"memory":{"rss":189644800,"heapTotal":77791232,"heapUsed":45116344,"external":2433797,"arrayBuffers":27275}}}
{"timestamp":"2025-10-26 17:14:15.868","level":"info","message":"Received SIGTERM, starting graceful shutdown..."}
{"timestamp":"2025-10-26 17:14:16.471","level":"info","message":"Logger service initialized","module":"core","action":"initialize","metadata":{"format":"json","environment":"development"}}
{"timestamp":"2025-10-26 17:14:16.473","level":"info","message":"Logging service initialized","module":"core","action":"bootstrap","metadata":{"phase":"logging","environment":"development"}}
{"timestamp":"2025-10-26 17:14:16.473","level":"info","message":"Initializing metrics service","metadata":{"phase":"metrics"}}
{"timestamp":"2025-10-26 17:14:16.473","level":"info","message":"Metrics service initialized","module":"core","action":"initialize","metadata":{"enabled":true}}
{"timestamp":"2025-10-26 17:14:16.474","level":"info","message":"Metrics service initialized","metadata":{"phase":"metrics"}}
{"timestamp":"2025-10-26 17:14:16.474","level":"info","message":"Database initialization skipped","metadata":{"phase":"database"}}
{"timestamp":"2025-10-26 17:14:16.474","level":"info","message":"Creating Express application","metadata":{"phase":"application"}}
{"timestamp":"2025-10-26 17:14:16.474","level":"info","message":"Creating Express application","module":"core","action":"create_app","metadata":{"environment":"development","version":"1.0.0"}}
{"timestamp":"2025-10-26 17:14:16.475","level":"info","message":"Configuring global middleware","module":"core","action":"configure_middleware"}
{"timestamp":"2025-10-26 17:14:16.479","level":"info","message":"Global middleware configuration completed","module":"core","action":"middleware_configured"}
{"timestamp":"2025-10-26 17:14:16.480","level":"info","message":"Configuring production error handling","module":"core","action":"configure_error_handling"}
{"timestamp":"2025-10-26 17:14:16.480","level":"info","message":"Express application created successfully","module":"core","action":"app_created","metadata":{"creationTime":6,"environment":"development","version":"1.0.0","middleware":{"enabled":true,"customRoutes":true}}}
{"timestamp":"2025-10-26 17:14:16.480","level":"info","message":"Express application created","metadata":{"phase":"application","port":3001,"host":"localhost"}}
{"timestamp":"2025-10-26 17:14:16.480","level":"info","message":"Health checks skipped","metadata":{"phase":"health_checks"}}
{"timestamp":"2025-10-26 17:14:16.480","level":"info","message":"Graceful shutdown handlers will be configured on server start","metadata":{"timeout":30000}}
{"timestamp":"2025-10-26 17:14:16.481","level":"info","message":"Application bootstrap completed successfully","module":"core","action":"bootstrap_complete","metadata":{"bootTime":11,"environment":"development","version":"1.0.0","phases":["validation","logging","metrics","database","application","health_checks","server","ready"]}}
{"timestamp":"2025-10-26 17:14:16.481","level":"info","message":"Starting HTTP server","module":"core","action":"start_server","metadata":{"port":3001,"host":"localhost"}}
{"timestamp":"2025-10-26 17:14:16.489","level":"info","message":"HTTP server started successfully","module":"core","action":"server_started","metadata":{"port":3001,"host":"localhost","environment":"development","uptime":0.582695736,"memory":{"rss":176406528,"heapTotal":76480512,"heapUsed":45204608,"external":2433797,"arrayBuffers":27275}}}
